
Gathering system information ...
============== System information ====
+ lsb_release -a
No LSB modules are available.
Distributor ID:	Ubuntu
Description:	Ubuntu 16.04.4 LTS
Release:	16.04
Codename:	xenial
+ uname -a
Linux ip-172-31-18-251 4.4.0-1052-aws #61-Ubuntu SMP Mon Feb 12 23:05:58 UTC 2018 x86_64 x86_64 x86_64 GNU/Linux
+ sw_vers
./setup.sh: line 72: sw_vers: command not found
+ grep MemTotal /proc/meminfo
MemTotal:        1014540 kB
+ echo

+ echo


done.


NOTE: Legacy scripts wig-to-json.pl and bam-to-json.pl have removed from setup. Their functionality has been superseded by add-bam-track.pl and add-bw-track.pl. If you require the old versions, please use JBrowse 1.12.3 or earlier.


Minimal release, skipping node and Webpack build


Installing Perl prerequisites ...
+ bin/cpanm -v --notest -l extlib/ --installdeps .
cpanm (App::cpanminus) 1.7043 on perl 5.022001 built for x86_64-linux-gnu-thread-multi
Work directory is /home/ubuntu/.cpanm/work/1534537362.10673
You have make /usr/bin/make
You have /usr/bin/wget
You have /bin/tar: tar (GNU tar) 1.28
Copyright (C) 2014 Free Software Foundation, Inc.
License GPLv3+: GNU GPL version 3 or later <http://gnu.org/licenses/gpl.html>.
This is free software: you are free to change and redistribute it.
There is NO WARRANTY, to the extent permitted by law.

Written by John Gilmore and Jay Fenlason.
Entering /home/ubuntu/myxo_production/wiki/static/wiki/js/external_js/JBrowse-1.14.1
Running Makefile.PL
--> Working on .
Configuring /home/ubuntu/myxo_production/wiki/static/wiki/js/external_js/JBrowse-1.14.1 ... Can't parse version 'dev'
Can't parse version 'dev'
Generating a Unix-style Makefile
Writing Makefile for JBrowse
Writing MYMETA.yml and MYMETA.json
Checking dependencies from MYMETA.json ...
Checking if you have strict 0 ... Yes (1.09)
Checking if you have Storable 0 ... Yes (2.53_01)
Checking if you have Test::Warn 0 ... Yes (0.36)
Checking if you have File::Basename 0 ... Yes (2.85)
Checking if you have vars 0 ... Yes (1.03)
Checking if you have local::lib 0 ... Yes (2.000024)
Checking if you have List::Util 0 ... Yes (1.41)
Checking if you have Bio::GFF3::LowLevel::Parser 1.8 ... Yes (2.0)
Checking if you have Bio::FeatureIO 0 ... Yes (1.6.905)
Checking if you have Bio::Annotation::SimpleValue 0 ... Yes (undef)
Checking if you have Bio::OntologyIO 0 ... Yes (undef)
Checking if you have Cwd 0 ... Yes (3.56)
Checking if you have DBI 0 ... Yes (1.641)
Checking if you have Heap::Simple::XS 0 ... Yes (0.10)
Checking if you have File::Spec::Functions 0 ... Yes (3.56)
Checking if you have URI::Escape 0 ... Yes (3.31)
Checking if you have JSON 2 ... Yes (2.97001)
Checking if you have Pod::Usage 0 ... Yes (1.64)
Checking if you have File::Path 2 ... Yes (2.09)
Checking if you have Scalar::Util 0 ... Yes (1.41)
Checking if you have Exporter 0 ... Yes (5.72)
Checking if you have File::Spec 0 ... Yes (3.56)
Checking if you have POSIX 0 ... Yes (1.53_01)
Checking if you have Carp 0 ... Yes (1.36)
Checking if you have Data::Dumper 0 ... Yes (2.158)
Checking if you have Hash::Merge 0 ... Yes (0.300)
Checking if you have IO::File 0 ... Yes (1.16)
Checking if you have warnings 0 ... Yes (1.34)
Checking if you have Bio::SeqFeature::Lite 0 ... Yes (undef)
Checking if you have Bio::Root::Version 1.006000 ... Yes (1.007002)
Checking if you have File::Copy::Recursive 0 ... Yes (0.44)
Checking if you have Digest::Crc32 0 ... Yes (0.01)
Checking if you have FindBin 0 ... Yes (1.51)
Checking if you have IO::Uncompress::Gunzip 0 ... Yes (2.068)
Checking if you have List::MoreUtils 0.28 ... Yes (0.428)
Checking if you have Test::More 0 ... Yes (1.302138)
Checking if you have DB_File 0 ... Yes (1.835)
Checking if you have PerlIO::gzip 0 ... Yes (0.20)
Checking if you have constant 0 ... Yes (1.33)
Checking if you have File::Next 0 ... Yes (1.16)
Checking if you have JSON::XS 0 ... Yes (3.04)
Checking if you have Bio::Index::Fasta 0 ... Yes (undef)
Checking if you have Heap::Simple 0 ... Yes (0.13)
Checking if you have File::Temp 0 ... Yes (0.2304)
Checking if you have DBD::SQLite 0 ... Yes (1.58)
Checking if you have Fcntl 0 ... Yes (1.13)
Checking if you have Parse::RecDescent 0 ... Yes (1.967015)
Checking if you have Bio::GFF3::LowLevel 1.8 ... Yes (2.0)
Checking if you have Devel::Size 0 ... Yes (0.82)
Checking if you have Capture::Tiny 0 ... Yes (0.48)
Checking if you have Bio::SeqFeature::Annotated 0 ... Yes (1.6.905)
Checking if you have Getopt::Long 0 ... Yes (2.45)
Checking if you have base 0 ... Yes (2.22)
Expiring 11 work directories.
OK
<== Installed dependencies for .. Finishing.
+ bin/cpanm -v --notest -l extlib/ --installdeps .
cpanm (App::cpanminus) 1.7043 on perl 5.022001 built for x86_64-linux-gnu-thread-multi
Work directory is /home/ubuntu/.cpanm/work/1534537366.10683
You have make /usr/bin/make
You have /usr/bin/wget
You have /bin/tar: tar (GNU tar) 1.28
Copyright (C) 2014 Free Software Foundation, Inc.
License GPLv3+: GNU GPL version 3 or later <http://gnu.org/licenses/gpl.html>.
This is free software: you are free to change and redistribute it.
There is NO WARRANTY, to the extent permitted by law.

Written by John Gilmore and Jay Fenlason.
Entering /home/ubuntu/myxo_production/wiki/static/wiki/js/external_js/JBrowse-1.14.1
Running Makefile.PL
--> Working on .
Configuring /home/ubuntu/myxo_production/wiki/static/wiki/js/external_js/JBrowse-1.14.1 ... Can't parse version 'dev'
Can't parse version 'dev'
Generating a Unix-style Makefile
Writing Makefile for JBrowse
Writing MYMETA.yml and MYMETA.json
Checking dependencies from MYMETA.json ...
Checking if you have List::Util 0 ... Yes (1.41)
Checking if you have base 0 ... Yes (2.22)
Checking if you have FindBin 0 ... Yes (1.51)
Checking if you have Getopt::Long 0 ... Yes (2.45)
Checking if you have File::Copy::Recursive 0 ... Yes (0.44)
Checking if you have Digest::Crc32 0 ... Yes (0.01)
Checking if you have Bio::GFF3::LowLevel::Parser 1.8 ... Yes (2.0)
Checking if you have Bio::SeqFeature::Lite 0 ... Yes (undef)
Checking if you have DBI 0 ... Yes (1.641)
Checking if you have JSON 2 ... Yes (2.97001)
Checking if you have File::Next 0 ... Yes (1.16)
Checking if you have Test::Warn 0 ... Yes (0.36)
Checking if you have Bio::Root::Version 1.006000 ... Yes (1.007002)
Checking if you have Heap::Simple::XS 0 ... Yes (0.10)
Checking if you have File::Basename 0 ... Yes (2.85)
Checking if you have File::Spec 0 ... Yes (3.56)
Checking if you have Carp 0 ... Yes (1.36)
Checking if you have JSON::XS 0 ... Yes (3.04)
Checking if you have Bio::FeatureIO 0 ... Yes (1.6.905)
Checking if you have IO::Uncompress::Gunzip 0 ... Yes (2.068)
Checking if you have PerlIO::gzip 0 ... Yes (0.20)
Checking if you have Devel::Size 0 ... Yes (0.82)
Checking if you have warnings 0 ... Yes (1.34)
Checking if you have Parse::RecDescent 0 ... Yes (1.967015)
Checking if you have Bio::OntologyIO 0 ... Yes (undef)
Checking if you have File::Spec::Functions 0 ... Yes (3.56)
Checking if you have URI::Escape 0 ... Yes (3.31)
Checking if you have Heap::Simple 0 ... Yes (0.13)
Checking if you have Fcntl 0 ... Yes (1.13)
Checking if you have Bio::Index::Fasta 0 ... Yes (undef)
Checking if you have Bio::GFF3::LowLevel 1.8 ... Yes (2.0)
Checking if you have Scalar::Util 0 ... Yes (1.41)
Checking if you have POSIX 0 ... Yes (1.53_01)
Checking if you have DBD::SQLite 0 ... Yes (1.58)
Checking if you have Hash::Merge 0 ... Yes (0.300)
Checking if you have constant 0 ... Yes (1.33)
Checking if you have Data::Dumper 0 ... Yes (2.158)
Checking if you have File::Path 2 ... Yes (2.09)
Checking if you have File::Temp 0 ... Yes (0.2304)
Checking if you have DB_File 0 ... Yes (1.835)
Checking if you have Test::More 0 ... Yes (1.302138)
Checking if you have IO::File 0 ... Yes (1.16)
Checking if you have Storable 0 ... Yes (2.53_01)
Checking if you have Pod::Usage 0 ... Yes (1.64)
Checking if you have List::MoreUtils 0.28 ... Yes (0.428)
Checking if you have local::lib 0 ... Yes (2.000024)
Checking if you have Bio::Annotation::SimpleValue 0 ... Yes (undef)
Checking if you have Exporter 0 ... Yes (5.72)
Checking if you have vars 0 ... Yes (1.03)
Checking if you have strict 0 ... Yes (1.09)
Checking if you have Cwd 0 ... Yes (3.56)
Checking if you have Bio::SeqFeature::Annotated 0 ... Yes (1.6.905)
Checking if you have Capture::Tiny 0 ... Yes (0.48)
OK
<== Installed dependencies for .. Finishing.
+ set -e
+ bin/cpanm -v --notest -l extlib/ --installdeps .
cpanm (App::cpanminus) 1.7043 on perl 5.022001 built for x86_64-linux-gnu-thread-multi
Work directory is /home/ubuntu/.cpanm/work/1534537367.10693
You have make /usr/bin/make
You have /usr/bin/wget
You have /bin/tar: tar (GNU tar) 1.28
Copyright (C) 2014 Free Software Foundation, Inc.
License GPLv3+: GNU GPL version 3 or later <http://gnu.org/licenses/gpl.html>.
This is free software: you are free to change and redistribute it.
There is NO WARRANTY, to the extent permitted by law.

Written by John Gilmore and Jay Fenlason.
Entering /home/ubuntu/myxo_production/wiki/static/wiki/js/external_js/JBrowse-1.14.1
Running Makefile.PL
--> Working on .
Configuring /home/ubuntu/myxo_production/wiki/static/wiki/js/external_js/JBrowse-1.14.1 ... Can't parse version 'dev'
Can't parse version 'dev'
Generating a Unix-style Makefile
Writing Makefile for JBrowse
Writing MYMETA.yml and MYMETA.json
Checking dependencies from MYMETA.json ...
Checking if you have Hash::Merge 0 ... Yes (0.300)
Checking if you have Test::Warn 0 ... Yes (0.36)
Checking if you have Heap::Simple 0 ... Yes (0.13)
Checking if you have File::Spec 0 ... Yes (3.56)
Checking if you have URI::Escape 0 ... Yes (3.31)
Checking if you have POSIX 0 ... Yes (1.53_01)
Checking if you have File::Spec::Functions 0 ... Yes (3.56)
Checking if you have Bio::SeqFeature::Lite 0 ... Yes (undef)
Checking if you have JSON 2 ... Yes (2.97001)
Checking if you have Storable 0 ... Yes (2.53_01)
Checking if you have Digest::Crc32 0 ... Yes (0.01)
Checking if you have List::MoreUtils 0.28 ... Yes (0.428)
Checking if you have Bio::SeqFeature::Annotated 0 ... Yes (1.6.905)
Checking if you have strict 0 ... Yes (1.09)
Checking if you have File::Next 0 ... Yes (1.16)
Checking if you have Getopt::Long 0 ... Yes (2.45)
Checking if you have List::Util 0 ... Yes (1.41)
Checking if you have DBD::SQLite 0 ... Yes (1.58)
Checking if you have Bio::Annotation::SimpleValue 0 ... Yes (undef)
Checking if you have Exporter 0 ... Yes (5.72)
Checking if you have Data::Dumper 0 ... Yes (2.158)
Checking if you have Capture::Tiny 0 ... Yes (0.48)
Checking if you have Devel::Size 0 ... Yes (0.82)
Checking if you have DB_File 0 ... Yes (1.835)
Checking if you have Fcntl 0 ... Yes (1.13)
Checking if you have Bio::OntologyIO 0 ... Yes (undef)
Checking if you have File::Basename 0 ... Yes (2.85)
Checking if you have Pod::Usage 0 ... Yes (1.64)
Checking if you have local::lib 0 ... Yes (2.000024)
Checking if you have Scalar::Util 0 ... Yes (1.41)
Checking if you have IO::Uncompress::Gunzip 0 ... Yes (2.068)
Checking if you have Carp 0 ... Yes (1.36)
Checking if you have JSON::XS 0 ... Yes (3.04)
Checking if you have Bio::GFF3::LowLevel::Parser 1.8 ... Yes (2.0)
Checking if you have File::Temp 0 ... Yes (0.2304)
Checking if you have File::Path 2 ... Yes (2.09)
Checking if you have Bio::FeatureIO 0 ... Yes (1.6.905)
Checking if you have Test::More 0 ... Yes (1.302138)
Checking if you have Heap::Simple::XS 0 ... Yes (0.10)
Checking if you have FindBin 0 ... Yes (1.51)
Checking if you have File::Copy::Recursive 0 ... Yes (0.44)
Checking if you have Cwd 0 ... Yes (3.56)
Checking if you have IO::File 0 ... Yes (1.16)
Checking if you have PerlIO::gzip 0 ... Yes (0.20)
Checking if you have DBI 0 ... Yes (1.641)
Checking if you have Parse::RecDescent 0 ... Yes (1.967015)
Checking if you have Bio::Index::Fasta 0 ... Yes (undef)
Checking if you have base 0 ... Yes (2.22)
Checking if you have vars 0 ... Yes (1.03)
Checking if you have warnings 0 ... Yes (1.34)
Checking if you have Bio::GFF3::LowLevel 1.8 ... Yes (2.0)
Checking if you have constant 0 ... Yes (1.33)
Checking if you have Bio::Root::Version 1.006000 ... Yes (1.007002)
OK
<== Installed dependencies for .. Finishing.

done.





Formatting Volvox example data ...
+ rm -rf sample_data/json/volvox
+ bin/prepare-refseqs.pl --fasta docs/tutorial/data_files/volvox.fa --out sample_data/json/volvox
+ '[' 0 -eq 1 ']'
+ bin/biodb-to-json.pl -v --conf docs/tutorial/conf_files/volvox.json --out sample_data/json/volvox
Possible precedence issue with control flow operator at /home/ubuntu/myxo_production/wiki/static/wiki/js/external_js/JBrowse-1.14.1/bin/../src/perl5/../../extlib/lib/perl5/Bio/DB/IndexedBase.pm line 845.

working on refseq ctgA
working on track ExampleFeatures
mergedTrackCfg: $VAR1 = {
          'track' => 'ExampleFeatures',
          'key' => 'HTMLFeatures - Example Features',
          'style' => {
                       'className' => 'feature2'
                     },
          'autocomplete' => 'all',
          'feature' => [
                         'remark'
                       ],
          'category' => 'Miscellaneous',
          'compress' => 0
        };
searching for features of type: remark
working on track NameTest
mergedTrackCfg: $VAR1 = {
          'category' => 'Miscellaneous',
          'feature' => [
                         'protein_coding_primary_transcript',
                         'polypeptide'
                       ],
          'compress' => 0,
          'track' => 'NameTest',
          'key' => 'HTMLFeatures - Name test track has a really long track label',
          'style' => {
                       'className' => 'feature2'
                     },
          'autocomplete' => 'all'
        };
searching for features of type: protein_coding_primary_transcript, polypeptide
working on track snps
mergedTrackCfg: $VAR1 = {
          'track' => 'snps',
          'style' => {
                       'className' => 'triangle hgred'
                     },
          'autocomplete' => 'all',
          'key' => 'HTMLFeatures - SNPs',
          'feature' => [
                         'SNP'
                       ],
          'category' => 'Miscellaneous',
          'compress' => 0
        };
searching for features of type: SNP
working on track Motifs
mergedTrackCfg: $VAR1 = {
          'description' => 1,
          'key' => 'HTMLFeatures - Example motifs',
          'style' => {
                       'description' => 'function(feature) { return feature.get(\'Name\')+\': \'+feature.get(\'Note\'); }',
                       'className' => 'feature3',
                       'label' => 'function(feature) { return feature.get(\'Name\')+\' (via JS callback)\' }'
                     },
          'track' => 'Motifs',
          'autocomplete' => 'all',
          'feature' => [
                         'polypeptide_domain'
                       ],
          'category' => 'Miscellaneous',
          'compress' => 0
        };
searching for features of type: polypeptide_domain
working on track malformed_alignments
mergedTrackCfg: $VAR1 = {
          'track' => 'malformed_alignments',
          'shortDescription' => 'Features with customized right-click menus',
          'autocomplete' => 'all',
          'feature' => [
                         'match'
                       ],
          'hooks' => {
                       'modify' => 'function( track, feature, div ) { div.style.backgroundColor = [\'green\',\'blue\',\'red\',\'orange\',\'purple\'][Math.round(Math.random()*5)];}'
                     },
          'compress' => 0,
          'menuTemplate' => [
                              {
                                'children' => [
                                                {
                                                  'label' => 'Check gene on databases',
                                                  'children' => [
                                                                  {
                                                                    'action' => 'newWindow',
                                                                    'url' => 'http://wiki.trin.org.au/{name}-{start}-{end}',
                                                                    'label' => 'Query trin for {name}',
                                                                    'iconClass' => 'dijitIconBookmark'
                                                                  },
                                                                  {
                                                                    'iconClass' => 'dijitIconSearch',
                                                                    'label' => 'Query example.com for {name}',
                                                                    'url' => 'http://example.com/{name}-{start}-{end}'
                                                                  }
                                                                ]
                                                },
                                                {
                                                  'label' => '2nd child of demo'
                                                },
                                                {
                                                  'label' => '3rd child: this is a track'
                                                }
                                              ],
                                'label' => 'Item with submenu'
                              },
                              {
                                'url' => 'http://www.example.com?featurename={name}',
                                'title' => 'The magnificent example.com (feature {name})',
                                'action' => 'iframeDialog',
                                'label' => 'Open example.com in an iframe popup',
                                'iconClass' => 'dijitIconDatabase'
                              },
                              {
                                'action' => 'xhrDialog',
                                'title' => 'function(track,feature,div) { return \'Random XHR HTML \'+Math.random()+\' title!\'; }',
                                'url' => 'sample_data/test_snippet.html?featurename={name}:{start}-{end}',
                                'label' => 'Open popup with XHR HTML snippet (btw this is feature {name})',
                                'iconClass' => 'dijitIconDatabase'
                              },
                              {
                                'content' => 'function(track,feature,div) { return \'<h2>\'+feature.get(\'name\')+\'</h2><p>This is some test content!</p><p>This message brought to you by the number <span style="font-size: 300%">\'+Math.round(Math.random()*100)+\'</span>.</p>\';} ',
                                'label' => 'Popup with content snippet from a function (feature {name})',
                                'iconClass' => 'dijitIconDatabase',
                                'title' => 'function(track,feature,div) { return \'Random content snippet \'+Math.random()+\' title!\'; }',
                                'action' => 'contentDialog'
                              },
                              {
                                'content' => '<h2>{name}</h2><p>This is some test content about {name}, which goes from {start} to {end} on the {strand} strand.</p>',
                                'iconClass' => 'dijitIconDatabase',
                                'label' => 'Popup with content snippet from string (feature {name})',
                                'title' => '{randomNumberTitle}',
                                'action' => 'contentDialog'
                              },
                              {
                                'iconClass' => 'dijitIconDatabase',
                                'label' => '{randomNumberLabel}',
                                'action' => '{exampleFeatureClick}'
                              }
                            ],
          'key' => 'HTMLFeatures - Features with right-click menus',
          'style' => {
                       'className' => 'feature4'
                     },
          'metadata' => {
                          'category' => 'Miscellaneous',
                          'Description' => 'Features with extensively customized right-click menus, and with their colors set at random by a JavaScript callback.'
                        }
        };
searching for features of type: match
working on track Genes
mergedTrackCfg: $VAR1 = {
          'fmtMetaDescription_Name' => 'function(name) { return \'[Custom description]\'; }',
          'menuTemplate' => [
                              {
                                'label' => 'View details'
                              },
                              {
                                'label' => 'Zoom this gene'
                              },
                              {
                                'label' => 'Highlight this gene'
                              },
                              {
                                'title' => '{randomNumberTitle}',
                                'action' => 'contentDialog',
                                'iconClass' => 'dijitIconDatabase',
                                'content' => '<h2>{name}</h2>This is some test content about {type} {name}, which goes from {start} to {end} on the {strand} strand.',
                                'label' => 'Popup with content snippet from string (feature {name})'
                              }
                            ],
          'feature' => [
                         'gene'
                       ],
          'category' => 'Transcripts',
          'fmtMetaField_Name' => 'function(name) { return \'Track Name\'; }',
          'fmtDetailField_Name' => 'function(name,feature) { if(feature.get(\'type\')==\'gene\') { return \'Gene Name\'; } else { return name; } }',
          'onClick' => {
                         'title' => '{type} {name}',
                         'action' => 'defaultDialog',
                         'label' => '<div style=\'font:normal 12px Univers,Helvetica,Arial,sans-serif\'><div style=\'font-weight:bold\'>Custom tooltip</div><div style=\'color:blue;\'>Feature name: {name}<br />Feature start: {start}<br />Feature end: {end}</div></div>'
                       },
          'track' => 'Genes',
          'trackType' => 'JBrowse/View/Track/CanvasFeatures',
          'fmtDetailField_Load_id' => 'function(name,feature) { /* remove field from dialog box */ return null; }',
          'style' => {
                       'className' => 'feature5'
                     },
          'key' => 'CanvasFeatures - Protein-coding genes',
          'compress' => 0,
          'fmtDetailValue_Name' => 'function(name,feature) { if(feature.get(\'type\')==\'gene\') { return name + \' <a href=http://www.ncbi.nlm.nih.gov/gquery/?term=\'+name+\'>[NCBI custom link]</a>\'; } else { return name; } }',
          'autocomplete' => 'all',
          'fmtMetaValue_Name' => 'function(name) { return name+\' [Track with custom callbacks for About track popup]\'; }'
        };
searching for features of type: gene
working on track ReadingFrame
mergedTrackCfg: $VAR1 = {
          'autocomplete' => 'all',
          'track' => 'ReadingFrame',
          'onClick' => {
                         'label' => 'Search for {name} at NCBI
Feature start {start}
Feature end {end}',
                         'url' => 'http://www.ncbi.nlm.nih.gov/gquery/?term={name}',
                         'title' => 'NCBI search box'
                       },
          'compress' => 0,
          'feature' => [
                         'mRNA'
                       ],
          'category' => 'Transcripts',
          'style' => {
                       'className' => 'cds'
                     },
          'key' => 'HTMLFeatures - mRNAs',
          'phase' => 1
        };
searching for features of type: mRNA
working on track CDS
mergedTrackCfg: $VAR1 = {
          'autocomplete' => 'all',
          'track' => 'CDS',
          'compress' => 0,
          'category' => 'Transcripts',
          'feature' => [
                         'CDS:bare_predicted',
                         'mRNA:exonerate',
                         'mRNA:predicted'
                       ],
          'style' => {
                       'className' => 'cds',
                       'linkTemplate' => 'http://www.ncbi.nlm.nih.gov/gquery/?term={name}-{start}-{end}'
                     },
          'key' => 'CanvasFeatures - mixed mRNAs and CDSs',
          'trackType' => 'CanvasFeatures'
        };
searching for features of type: CDS:bare_predicted, mRNA:exonerate, mRNA:predicted
working on track Transcript
mergedTrackCfg: $VAR1 = {
          'key' => 'CanvasFeatures - transcripts',
          'description' => 1,
          'style' => {
                       'color' => '#E32A3A',
                       'description' => 'customdescription',
                       'className' => 'feature'
                     },
          'trackType' => 'JBrowse/View/Track/CanvasFeatures',
          'autocomplete' => 'all',
          'onClick' => '{exampleFeatureClick}',
          'showNoteInAttributes' => bless( do{\(my $o = 1)}, 'JSON::PP::Boolean' ),
          'track' => 'Transcript',
          'subfeatures' => $VAR1->{'showNoteInAttributes'},
          'compress' => 0,
          'category' => 'Transcripts',
          'feature' => [
                         'mRNA:exonerate'
                       ]
        };
searching for features of type: mRNA:exonerate
working on track Clones
mergedTrackCfg: $VAR1 = {
          'autocomplete' => 'all',
          'track' => 'Clones',
          'compress' => 0,
          'feature' => [
                         'BAC'
                       ],
          'category' => 'Miscellaneous',
          'style' => {
                       'className' => 'exon'
                     },
          'key' => 'HTMLFeatures - Fingerprinted BACs',
          'description' => 1
        };
searching for features of type: BAC
working on track EST
mergedTrackCfg: $VAR1 = {
          'autocomplete' => 'all',
          'style' => {
                       'className' => 'est'
                     },
          'key' => 'HTMLFeatures - ESTs',
          'track' => 'EST',
          'compress' => 0,
          'category' => 'Miscellaneous',
          'feature' => [
                         'EST_match:est'
                       ]
        };
searching for features of type: EST_match:est

working on refseq ctgB
working on track ExampleFeatures
mergedTrackCfg: $VAR1 = {
          'compress' => 0,
          'feature' => [
                         'remark'
                       ],
          'category' => 'Miscellaneous',
          'autocomplete' => 'all',
          'style' => {
                       'className' => 'feature2'
                     },
          'key' => 'HTMLFeatures - Example Features',
          'track' => 'ExampleFeatures'
        };
searching for features of type: remark
working on track NameTest
mergedTrackCfg: $VAR1 = {
          'compress' => 0,
          'category' => 'Miscellaneous',
          'feature' => [
                         'protein_coding_primary_transcript',
                         'polypeptide'
                       ],
          'key' => 'HTMLFeatures - Name test track has a really long track label',
          'autocomplete' => 'all',
          'style' => {
                       'className' => 'feature2'
                     },
          'track' => 'NameTest'
        };
searching for features of type: protein_coding_primary_transcript, polypeptide
working on track snps
mergedTrackCfg: $VAR1 = {
          'feature' => [
                         'SNP'
                       ],
          'category' => 'Miscellaneous',
          'compress' => 0,
          'track' => 'snps',
          'style' => {
                       'className' => 'triangle hgred'
                     },
          'autocomplete' => 'all',
          'key' => 'HTMLFeatures - SNPs'
        };
searching for features of type: SNP
working on track Motifs
mergedTrackCfg: $VAR1 = {
          'track' => 'Motifs',
          'autocomplete' => 'all',
          'feature' => [
                         'polypeptide_domain'
                       ],
          'category' => 'Miscellaneous',
          'compress' => 0,
          'style' => {
                       'description' => 'function(feature) { return feature.get(\'Name\')+\': \'+feature.get(\'Note\'); }',
                       'className' => 'feature3',
                       'label' => 'function(feature) { return feature.get(\'Name\')+\' (via JS callback)\' }'
                     },
          'key' => 'HTMLFeatures - Example motifs',
          'description' => 1
        };
searching for features of type: polypeptide_domain
working on track malformed_alignments
mergedTrackCfg: $VAR1 = {
          'menuTemplate' => [
                              {
                                'children' => [
                                                {
                                                  'label' => 'Check gene on databases',
                                                  'children' => [
                                                                  {
                                                                    'action' => 'newWindow',
                                                                    'url' => 'http://wiki.trin.org.au/{name}-{start}-{end}',
                                                                    'label' => 'Query trin for {name}',
                                                                    'iconClass' => 'dijitIconBookmark'
                                                                  },
                                                                  {
                                                                    'iconClass' => 'dijitIconSearch',
                                                                    'label' => 'Query example.com for {name}',
                                                                    'url' => 'http://example.com/{name}-{start}-{end}'
                                                                  }
                                                                ]
                                                },
                                                {
                                                  'label' => '2nd child of demo'
                                                },
                                                {
                                                  'label' => '3rd child: this is a track'
                                                }
                                              ],
                                'label' => 'Item with submenu'
                              },
                              {
                                'url' => 'http://www.example.com?featurename={name}',
                                'title' => 'The magnificent example.com (feature {name})',
                                'action' => 'iframeDialog',
                                'label' => 'Open example.com in an iframe popup',
                                'iconClass' => 'dijitIconDatabase'
                              },
                              {
                                'action' => 'xhrDialog',
                                'title' => 'function(track,feature,div) { return \'Random XHR HTML \'+Math.random()+\' title!\'; }',
                                'url' => 'sample_data/test_snippet.html?featurename={name}:{start}-{end}',
                                'label' => 'Open popup with XHR HTML snippet (btw this is feature {name})',
                                'iconClass' => 'dijitIconDatabase'
                              },
                              {
                                'content' => 'function(track,feature,div) { return \'<h2>\'+feature.get(\'name\')+\'</h2><p>This is some test content!</p><p>This message brought to you by the number <span style="font-size: 300%">\'+Math.round(Math.random()*100)+\'</span>.</p>\';} ',
                                'label' => 'Popup with content snippet from a function (feature {name})',
                                'iconClass' => 'dijitIconDatabase',
                                'title' => 'function(track,feature,div) { return \'Random content snippet \'+Math.random()+\' title!\'; }',
                                'action' => 'contentDialog'
                              },
                              {
                                'content' => '<h2>{name}</h2><p>This is some test content about {name}, which goes from {start} to {end} on the {strand} strand.</p>',
                                'iconClass' => 'dijitIconDatabase',
                                'label' => 'Popup with content snippet from string (feature {name})',
                                'title' => '{randomNumberTitle}',
                                'action' => 'contentDialog'
                              },
                              {
                                'iconClass' => 'dijitIconDatabase',
                                'label' => '{randomNumberLabel}',
                                'action' => '{exampleFeatureClick}'
                              }
                            ],
          'key' => 'HTMLFeatures - Features with right-click menus',
          'style' => {
                       'className' => 'feature4'
                     },
          'metadata' => {
                          'category' => 'Miscellaneous',
                          'Description' => 'Features with extensively customized right-click menus, and with their colors set at random by a JavaScript callback.'
                        },
          'track' => 'malformed_alignments',
          'shortDescription' => 'Features with customized right-click menus',
          'autocomplete' => 'all',
          'feature' => [
                         'match'
                       ],
          'hooks' => {
                       'modify' => 'function( track, feature, div ) { div.style.backgroundColor = [\'green\',\'blue\',\'red\',\'orange\',\'purple\'][Math.round(Math.random()*5)];}'
                     },
          'compress' => 0
        };
searching for features of type: match
working on track Genes
mergedTrackCfg: $VAR1 = {
          'fmtMetaDescription_Name' => 'function(name) { return \'[Custom description]\'; }',
          'menuTemplate' => [
                              {
                                'label' => 'View details'
                              },
                              {
                                'label' => 'Zoom this gene'
                              },
                              {
                                'label' => 'Highlight this gene'
                              },
                              {
                                'title' => '{randomNumberTitle}',
                                'action' => 'contentDialog',
                                'iconClass' => 'dijitIconDatabase',
                                'content' => '<h2>{name}</h2>This is some test content about {type} {name}, which goes from {start} to {end} on the {strand} strand.',
                                'label' => 'Popup with content snippet from string (feature {name})'
                              }
                            ],
          'feature' => [
                         'gene'
                       ],
          'category' => 'Transcripts',
          'fmtMetaField_Name' => 'function(name) { return \'Track Name\'; }',
          'fmtDetailField_Name' => 'function(name,feature) { if(feature.get(\'type\')==\'gene\') { return \'Gene Name\'; } else { return name; } }',
          'onClick' => {
                         'title' => '{type} {name}',
                         'action' => 'defaultDialog',
                         'label' => '<div style=\'font:normal 12px Univers,Helvetica,Arial,sans-serif\'><div style=\'font-weight:bold\'>Custom tooltip</div><div style=\'color:blue;\'>Feature name: {name}<br />Feature start: {start}<br />Feature end: {end}</div></div>'
                       },
          'track' => 'Genes',
          'trackType' => 'JBrowse/View/Track/CanvasFeatures',
          'fmtDetailField_Load_id' => 'function(name,feature) { /* remove field from dialog box */ return null; }',
          'style' => {
                       'className' => 'feature5'
                     },
          'key' => 'CanvasFeatures - Protein-coding genes',
          'compress' => 0,
          'fmtDetailValue_Name' => 'function(name,feature) { if(feature.get(\'type\')==\'gene\') { return name + \' <a href=http://www.ncbi.nlm.nih.gov/gquery/?term=\'+name+\'>[NCBI custom link]</a>\'; } else { return name; } }',
          'autocomplete' => 'all',
          'fmtMetaValue_Name' => 'function(name) { return name+\' [Track with custom callbacks for About track popup]\'; }'
        };
searching for features of type: gene
working on track ReadingFrame
mergedTrackCfg: $VAR1 = {
          'feature' => [
                         'mRNA'
                       ],
          'category' => 'Transcripts',
          'compress' => 0,
          'track' => 'ReadingFrame',
          'onClick' => {
                         'label' => 'Search for {name} at NCBI
Feature start {start}
Feature end {end}',
                         'url' => 'http://www.ncbi.nlm.nih.gov/gquery/?term={name}',
                         'title' => 'NCBI search box'
                       },
          'autocomplete' => 'all',
          'phase' => 1,
          'key' => 'HTMLFeatures - mRNAs',
          'style' => {
                       'className' => 'cds'
                     }
        };
searching for features of type: mRNA
working on track CDS
mergedTrackCfg: $VAR1 = {
          'autocomplete' => 'all',
          'track' => 'CDS',
          'compress' => 0,
          'feature' => [
                         'CDS:bare_predicted',
                         'mRNA:exonerate',
                         'mRNA:predicted'
                       ],
          'category' => 'Transcripts',
          'style' => {
                       'linkTemplate' => 'http://www.ncbi.nlm.nih.gov/gquery/?term={name}-{start}-{end}',
                       'className' => 'cds'
                     },
          'key' => 'CanvasFeatures - mixed mRNAs and CDSs',
          'trackType' => 'CanvasFeatures'
        };
searching for features of type: CDS:bare_predicted, mRNA:exonerate, mRNA:predicted
working on track Transcript
mergedTrackCfg: $VAR1 = {
          'style' => {
                       'color' => '#E32A3A',
                       'description' => 'customdescription',
                       'className' => 'feature'
                     },
          'key' => 'CanvasFeatures - transcripts',
          'description' => 1,
          'trackType' => 'JBrowse/View/Track/CanvasFeatures',
          'track' => 'Transcript',
          'onClick' => '{exampleFeatureClick}',
          'showNoteInAttributes' => bless( do{\(my $o = 1)}, 'JSON::PP::Boolean' ),
          'autocomplete' => 'all',
          'feature' => [
                         'mRNA:exonerate'
                       ],
          'category' => 'Transcripts',
          'compress' => 0,
          'subfeatures' => $VAR1->{'showNoteInAttributes'}
        };
searching for features of type: mRNA:exonerate
working on track Clones
mergedTrackCfg: $VAR1 = {
          'compress' => 0,
          'category' => 'Miscellaneous',
          'feature' => [
                         'BAC'
                       ],
          'autocomplete' => 'all',
          'track' => 'Clones',
          'description' => 1,
          'key' => 'HTMLFeatures - Fingerprinted BACs',
          'style' => {
                       'className' => 'exon'
                     }
        };
searching for features of type: BAC
working on track EST
mergedTrackCfg: $VAR1 = {
          'autocomplete' => 'all',
          'style' => {
                       'className' => 'est'
                     },
          'key' => 'HTMLFeatures - ESTs',
          'track' => 'EST',
          'compress' => 0,
          'feature' => [
                         'EST_match:est'
                       ],
          'category' => 'Miscellaneous'
        };
searching for features of type: EST_match:est
+ cat docs/tutorial/data_files/volvox_microarray.bw.conf docs/tutorial/data_files/volvox_sine.bw.conf docs/tutorial/data_files/volvox-sorted.bam.conf docs/tutorial/data_files/volvox-sorted.bam.coverage.conf docs/tutorial/data_files/volvox-paired.bam.conf docs/tutorial/data_files/volvox.vcf.conf docs/tutorial/data_files/volvox_fromconfig.conf docs/tutorial/data_files/volvox.gff3.conf docs/tutorial/data_files/volvox.gtf.conf docs/tutorial/data_files/volvox.sort.gff3.gz.conf docs/tutorial/data_files/volvox.sort.gff3.gz.htmlfeatures.conf docs/tutorial/data_files/volvox.sort.bed.gz.conf docs/tutorial/data_files/gvcf.vcf.gz.conf docs/tutorial/data_files/bookmarks.conf docs/tutorial/data_files/volvox.subsubparts.gff3.conf docs/tutorial/data_files/volvox-long-reads.fastq.sorted.bam.conf docs/tutorial/data_files/volvox.bb.conf
+ bin/add-json.pl '{ "dataset_id": "volvox", "include": [ "../../raw/volvox/functions.conf" ] }' sample_data/json/volvox/trackList.json
+ bin/add-json.pl '{ "dataset_id": "volvox", "plugins": [ "HideTrackLabels" ] }' sample_data/json/volvox/trackList.json
+ bin/flatfile-to-json.pl --bed docs/tutorial/data_files/volvox_segment.bed --out sample_data/json/volvox --trackLabel ChromHMM --trackType CanvasFeatures --clientConfig '{"color": "{chromHMM}", "strandArrow": false}' --config '{"displayMode": "collapsed", "enableCollapsedMouseover": true, "category": "Miscellaneous" }'
+ bin/generate-names.pl --safeMode -v --out sample_data/json/volvox
VCF file 'sample_data/json/volvox/../../raw/volvox/volvox.filtered.vcf.gz' not found, or not readable.  Skipping.
GFF file 'sample_data/json/volvox/../../raw/volvox/volvox.sort.gff3.gz.1' not found, or not readable.  Skipping.
GFF file 'sample_data/json/volvox/../../raw/volvox/volvox.sort.gff3.gz.1' not found, or not readable.  Skipping.
VCF file 'sample_data/json/volvox/../../raw/volvox/gvcf.vcf.gz' not found, or not readable.  Skipping.
VCF file 'sample_data/json/volvox/../../raw/volvox/volvox.test.vcf.gz' not found, or not readable.  Skipping.
Tracks:
    CDS
    ChromHMM
    Clones
    DNA
    EST
    ExampleFeatures
    Genes
    Motifs
    NameTest
    ReadingFrame
    Transcript
    fromconfig
    malformed_alignments
    snps
    volvox-long_reads
    volvox-paired_bam
    volvox-sorted-vcf
    volvox-sorted_bam
    volvox-sorted_bam_coverage
    volvox_bb
    volvox_bed_tabix
    volvox_gff3
    volvox_gff3_subsubparts
    volvox_gff3_tabix
    volvox_gff3_tabix_html
    volvox_gtf
    volvox_gvcf_test
    volvox_microarray_bw_density
    volvox_microarray_bw_xyplot
    volvox_sine_density
    volvox_sine_xyplot
    volvox_vcf_test
Sampled input stats:
                       total input bytes 14650
                     total namerec bytes 14682
        operation stream estimated count 1300
        namerecs converted to operations 261
                      name input records 256
                   avg record text bytes 56.2528735632184
           record stream estimated count 260
                         operations made 1362
                       namerecs buffered 261
Removing existing contents of target dir sample_data/json/volvox/names
Hash store cache size: 2684 buckets
Using 1 chars for sort log names (16 sort logs)
+ mkdir -p sample_data/raw
+ '[' '!' -e sample_data/raw/volvox ']'
+ ln -s ../../docs/tutorial/data_files sample_data/raw/volvox
+ ln -sf ../../docs/tutorial/conf_files/volvox.json sample_data/raw/
+ touch sample_data/json/volvox/successfully_run

done.





Formatting Yeast example data ...
+ rm -rf sample_data/json/yeast/
+ bin/prepare-refseqs.pl --fasta sample_data/raw/yeast_scaffolds/chr1.fa.gz --fasta sample_data/raw/yeast_scaffolds/chr2.fa.gzip --out sample_data/json/yeast/
No such file or directory reading sample_data/raw/yeast_scaffolds/chr1.fa.gz at /home/ubuntu/myxo_production/wiki/static/wiki/js/external_js/JBrowse-1.14.1/bin/../src/perl5/Bio/JBrowse/Cmd/FormatSequences.pm line 304.
